  KSiS_3sem_laba5.cpp
C:\Users\user\source\repos\KSiS_3sem_laba5\KSiS_3sem_laba5.cpp(12,1): warning C4005: IP_DEST_NET_UNREACHABLE: изменение макроопределения
  C:\Program Files (x86)\Windows Kits\10\Include\10.0.22621.0\um\ipexport.h(173,1):
  см. предыдущее определение "IP_DEST_NET_UNREACHABLE"
  
C:\Users\user\source\repos\KSiS_3sem_laba5\KSiS_3sem_laba5.cpp(13,1): warning C4005: IP_DEST_HOST_UNREACHABLE: изменение макроопределения
  C:\Program Files (x86)\Windows Kits\10\Include\10.0.22621.0\um\ipexport.h(174,1):
  см. предыдущее определение "IP_DEST_HOST_UNREACHABLE"
  
C:\Users\user\source\repos\KSiS_3sem_laba5\KSiS_3sem_laba5.cpp(14,1): warning C4005: IP_DEST_PROT_UNREACHABLE: изменение макроопределения
  C:\Program Files (x86)\Windows Kits\10\Include\10.0.22621.0\um\ipexport.h(175,1):
  см. предыдущее определение "IP_DEST_PROT_UNREACHABLE"
  
C:\Users\user\source\repos\KSiS_3sem_laba5\KSiS_3sem_laba5.cpp(15,1): warning C4005: IP_DEST_PORT_UNREACHABLE: изменение макроопределения
  C:\Program Files (x86)\Windows Kits\10\Include\10.0.22621.0\um\ipexport.h(176,1):
  см. предыдущее определение "IP_DEST_PORT_UNREACHABLE"
  
C:\Users\user\source\repos\KSiS_3sem_laba5\KSiS_3sem_laba5.cpp(16,1): warning C4005: IP_REQ_TIMED_OUT: изменение макроопределения
  C:\Program Files (x86)\Windows Kits\10\Include\10.0.22621.0\um\ipexport.h(181,1):
  см. предыдущее определение "IP_REQ_TIMED_OUT"
  
C:\Users\user\source\repos\KSiS_3sem_laba5\KSiS_3sem_laba5.cpp(17,1): warning C4005: IP_BAD_REQ: изменение макроопределения
  C:\Program Files (x86)\Windows Kits\10\Include\10.0.22621.0\um\ipexport.h(182,1):
  см. предыдущее определение "IP_BAD_REQ"
  
C:\Users\user\source\repos\KSiS_3sem_laba5\KSiS_3sem_laba5.cpp(18,1): warning C4005: IP_BAD_ROUTE: изменение макроопределения
  C:\Program Files (x86)\Windows Kits\10\Include\10.0.22621.0\um\ipexport.h(183,1):
  см. предыдущее определение "IP_BAD_ROUTE"
  
C:\Users\user\source\repos\KSiS_3sem_laba5\KSiS_3sem_laba5.cpp(19,1): warning C4005: IP_TTL_EXPIRED_TRANSIT: изменение макроопределения
  C:\Program Files (x86)\Windows Kits\10\Include\10.0.22621.0\um\ipexport.h(184,1):
  см. предыдущее определение "IP_TTL_EXPIRED_TRANSIT"
  
  KSiS_3sem_laba5.vcxproj -> C:\Users\user\source\repos\KSiS_3sem_laba5\x64\Debug\KSiS_3sem_laba5.exe
